<?xml version="1.0" encoding="UTF-8"?>
<testng-results skipped="0" failed="0" ignored="0" total="1" passed="1">
  <reporter-output>
  </reporter-output>
  <suite name="Suite" duration-ms="13169" started-at="2018-06-22T23:58:41Z" finished-at="2018-06-22T23:58:54Z">
    <groups>
    </groups>
    <test name="Test" duration-ms="13169" started-at="2018-06-22T23:58:41Z" finished-at="2018-06-22T23:58:54Z">
      <class name="test.NewTest">
        <test-method status="PASS" signature="beforeTest()[pri:0, instance:test.NewTest@35fb3008]" name="beforeTest" is-config="true" duration-ms="8365" started-at="2018-06-22T23:58:41Z" finished-at="2018-06-22T23:58:50Z">
          <reporter-output>
          </reporter-output>
        </test-method> <!-- beforeTest -->
        <test-method status="PASS" signature="mavenTest()[pri:0, instance:test.NewTest@35fb3008]" name="mavenTest" duration-ms="3623" started-at="2018-06-22T23:58:50Z" finished-at="2018-06-22T23:58:53Z">
          <reporter-output>
          </reporter-output>
        </test-method> <!-- mavenTest -->
        <test-method status="PASS" signature="afterTest()[pri:0, instance:test.NewTest@35fb3008]" name="afterTest" is-config="true" duration-ms="1145" started-at="2018-06-22T23:58:53Z" finished-at="2018-06-22T23:58:54Z">
          <reporter-output>
          </reporter-output>
        </test-method> <!-- afterTest -->
      </class> <!-- test.NewTest -->
    </test> <!-- Test -->
  </suite> <!-- Suite -->
</testng-results>
