<?xml version="1.0" encoding="UTF-8"?>
<testng-results skipped="0" failed="0" ignored="0" total="1" passed="1">
  <reporter-output>
  </reporter-output>
  <suite name="Suite" duration-ms="16143" started-at="2018-06-22T22:19:48Z" finished-at="2018-06-22T22:20:04Z">
    <groups>
    </groups>
    <test name="Test" duration-ms="16143" started-at="2018-06-22T22:19:48Z" finished-at="2018-06-22T22:20:04Z">
      <class name="test.NewTest">
        <test-method status="PASS" signature="beforeTest()[pri:0, instance:test.NewTest@1e88b3c]" name="beforeTest" is-config="true" duration-ms="9304" started-at="2018-06-22T22:19:48Z" finished-at="2018-06-22T22:19:57Z">
          <reporter-output>
          </reporter-output>
        </test-method> <!-- beforeTest -->
        <test-method status="PASS" signature="mavenTest()[pri:0, instance:test.NewTest@1e88b3c]" name="mavenTest" duration-ms="5198" started-at="2018-06-22T22:19:57Z" finished-at="2018-06-22T22:20:02Z">
          <reporter-output>
          </reporter-output>
        </test-method> <!-- mavenTest -->
        <test-method status="PASS" signature="afterTest()[pri:0, instance:test.NewTest@1e88b3c]" name="afterTest" is-config="true" duration-ms="1480" started-at="2018-06-22T22:20:02Z" finished-at="2018-06-22T22:20:04Z">
          <reporter-output>
          </reporter-output>
        </test-method> <!-- afterTest -->
      </class> <!-- test.NewTest -->
    </test> <!-- Test -->
  </suite> <!-- Suite -->
</testng-results>
